2022-10-07 23:30:48,281 INFO org.springframework.test.context.support.AbstractTestContextBootstrapper [Test worker] Neither @ContextConfiguration nor @ContextHierarchy found for test class [dev.gustavoteixeira.easygest.BackendApplicationTests], using SpringBootContextLoader
2022-10-07 23:30:48,284 INFO org.springframework.test.context.support.AbstractContextLoader [Test worker] Could not detect default resource locations for test class [dev.gustavoteixeira.easygest.BackendApplicationTests]: no resource found for suffixes {-context.xml, Context.groovy}.
2022-10-07 23:30:48,284 INFO org.springframework.test.context.support.AnnotationConfigContextLoaderUtils [Test worker] Could not detect default configuration classes for test class [dev.gustavoteixeira.easygest.BackendApplicationTests]: BackendApplicationTests does not declare any static, non-private, non-final, nested classes annotated with @Configuration.
2022-10-07 23:30:48,330 INFO org.springframework.boot.test.context.SpringBootTestContextBootstrapper [Test worker] Found @SpringBootConfiguration dev.gustavoteixeira.easygest.BackendApplication for test class dev.gustavoteixeira.easygest.BackendApplicationTests
2022-10-07 23:30:48,377 INFO org.springframework.test.context.support.AbstractTestContextBootstrapper [Test worker] Loaded default TestExecutionListener class names from location [META-INF/spring.factories]: [org.springframework.security.test.context.support.WithSecurityContextTestExecutionListener, org.springframework.security.test.context.support.ReactorContextTestExecutionListener, org.springframework.boot.test.autoconfigure.restdocs.RestDocsTestExecutionListener, org.springframework.boot.test.autoconfigure.web.client.MockRestServiceServerResetTestExecutionListener, org.springframework.boot.test.autoconfigure.web.servlet.MockMvcPrintOnlyOnFailureTestExecutionListener, org.springframework.boot.test.autoconfigure.web.servlet.WebDriverTestExecutionListener, org.springframework.boot.test.autoconfigure.webservices.client.MockWebServiceServerTestExecutionListener, org.springframework.boot.test.mock.mockito.MockitoTestExecutionListener, org.springframework.boot.test.mock.mockito.ResetMocksTestExecutionListener, org.springframework.test.context.web.ServletTestExecutionListener, org.springframework.test.context.support.DirtiesContextBeforeModesTestExecutionListener, org.springframework.test.context.event.ApplicationEventsTestExecutionListener, org.springframework.test.context.support.DependencyInjectionTestExecutionListener, org.springframework.test.context.support.DirtiesContextTestExecutionListener, org.springframework.test.context.transaction.TransactionalTestExecutionListener, org.springframework.test.context.jdbc.SqlScriptsTestExecutionListener, org.springframework.test.context.event.EventPublishingTestExecutionListener]
2022-10-07 23:30:48,385 INFO org.springframework.test.context.support.AbstractTestContextBootstrapper [Test worker] Using TestExecutionListeners: [org.springframework.test.context.web.ServletTestExecutionListener@14bae047, org.springframework.test.context.support.DirtiesContextBeforeModesTestExecutionListener@7ed9ae94, org.springframework.test.context.event.ApplicationEventsTestExecutionListener@66908383, org.springframework.boot.test.mock.mockito.MockitoTestExecutionListener@41477a6d, org.springframework.boot.test.autoconfigure.SpringBootDependencyInjectionTestExecutionListener@2bc12da, org.springframework.test.context.support.DirtiesContextTestExecutionListener@3122b117, org.springframework.test.context.transaction.TransactionalTestExecutionListener@534ca02b, org.springframework.test.context.jdbc.SqlScriptsTestExecutionListener@29a23c3d, org.springframework.security.test.context.support.WithSecurityContextTestExecutionListener@4b6ac111, org.springframework.test.context.event.EventPublishingTestExecutionListener@6fe46b62, org.springframework.security.test.context.support.ReactorContextTestExecutionListener@591fd34d, org.springframework.boot.test.autoconfigure.restdocs.RestDocsTestExecutionListener@61e45f87, org.springframework.boot.test.autoconfigure.web.client.MockRestServiceServerResetTestExecutionListener@7c9b78e3, org.springframework.boot.test.autoconfigure.web.servlet.MockMvcPrintOnlyOnFailureTestExecutionListener@3068b369, org.springframework.boot.test.autoconfigure.web.servlet.WebDriverTestExecutionListener@17ca8b92, org.springframework.boot.test.autoconfigure.webservices.client.MockWebServiceServerTestExecutionListener@5491f68b, org.springframework.boot.test.mock.mockito.ResetMocksTestExecutionListener@736ac09a]
2022-10-07 23:30:48,529 INFO org.springframework.boot.StartupInfoLogger [Test worker] Starting BackendApplicationTests using Java 17.0.4.1 on hyperspace with PID 6169 (started by teixeira in /home/teixeira/r/EasyGest/backend)
2022-10-07 23:30:48,529 DEBUG org.springframework.boot.StartupInfoLogger [Test worker] Running with Spring Boot v2.7.4, Spring v5.3.23
2022-10-07 23:30:48,529 INFO org.springframework.boot.SpringApplication [Test worker] No active profile set, falling back to 1 default profile: "default"
2022-10-07 23:30:48,852 INFO org.springframework.data.repository.config.RepositoryConfigurationDelegate [Test worker] Bootstrapping Spring Data Reactive MongoDB repositories in DEFAULT mode.
2022-10-07 23:30:48,859 INFO org.springframework.data.repository.config.RepositoryConfigurationDelegate [Test worker] Finished Spring Data repository scanning in 4 ms. Found 0 Reactive MongoDB repository interfaces.
2022-10-07 23:30:49,275 INFO com.mongodb.diagnostics.logging.SLF4JLogger [Test worker] MongoClient with metadata {"driver": {"name": "mongo-java-driver|reactive-streams|spring-boot", "version": "4.6.1"}, "os": {"type": "Linux", "name": "Linux", "architecture": "amd64", "version": "5.19.12-arch1-1"}, "platform": "Java/N/A/17.0.4.1+1"} created with settings MongoClientSettings{readPreference=primary, writeConcern=WriteConcern{w=null, wTimeout=null ms, journal=null}, retryWrites=true, retryReads=true, readConcern=ReadConcern{level=null}, credential=null, streamFactoryFactory=NettyStreamFactoryFactory{eventLoopGroup=io.netty.channel.nio.NioEventLoopGroup@1eab8437, socketChannelClass=class io.netty.channel.socket.nio.NioSocketChannel, allocator=PooledByteBufAllocator(directByDefault: true), sslContext=null}, commandListeners=[io.micrometer.core.instrument.binder.mongodb.MongoMetricsCommandListener@72eed547], codecRegistry=ProvidersCodecRegistry{codecProviders=[ValueCodecProvider{}, BsonValueCodecProvider{}, DBRefCodecProvider{}, DBObjectCodecProvider{}, DocumentCodecProvider{}, IterableCodecProvider{}, MapCodecProvider{}, GeoJsonCodecProvider{}, GridFSFileCodecProvider{}, Jsr310CodecProvider{}, JsonObjectCodecProvider{}, BsonCodecProvider{}, EnumCodecProvider{}, com.mongodb.Jep395RecordCodecProvider@69ffdaa8]}, clusterSettings={hosts=[localhost:27017], srvServiceName=mongodb, mode=SINGLE, requiredClusterType=UNKNOWN, requiredReplicaSetName='null', serverSelector='null', clusterListeners='[]', serverSelectionTimeout='30000 ms', localThreshold='30000 ms'}, socketSettings=SocketSettings{connectTimeoutMS=10000, readTimeoutMS=0, receiveBufferSize=0, sendBufferSize=0}, heartbeatSocketSettings=SocketSettings{connectTimeoutMS=10000, readTimeoutMS=10000, receiveBufferSize=0, sendBufferSize=0}, connectionPoolSettings=ConnectionPoolSettings{maxSize=100, minSize=0, maxWaitTimeMS=120000, maxConnectionLifeTimeMS=0, maxConnectionIdleTimeMS=0, maintenanceInitialDelayMS=0, maintenanceFrequencyMS=60000, connectionPoolListeners=[io.micrometer.core.instrument.binder.mongodb.MongoMetricsConnectionPoolListener@2a1e57c6], maxConnecting=2}, serverSettings=ServerSettings{heartbeatFrequencyMS=10000, minHeartbeatFrequencyMS=500, serverListeners='[]', serverMonitorListeners='[]'}, sslSettings=SslSettings{enabled=false, invalidHostNameAllowed=false, context=null}, applicationName='null', compressorList=[], uuidRepresentation=JAVA_LEGACY, serverApi=null, autoEncryptionSettings=null, contextProvider=null}
2022-10-07 23:30:49,293 INFO com.mongodb.diagnostics.logging.SLF4JLogger [cluster-ClusterId{value='6340e0d9f01fcb7f3d550aa5', description='null'}-localhost:27017] Exception in monitor thread while connecting to server localhost:27017
com.mongodb.MongoSocketOpenException: Exception opening socket
	at com.mongodb.connection.netty.NettyStream$OpenChannelFutureListener.operationComplete(NettyStream.java:520)
	at com.mongodb.connection.netty.NettyStream$OpenChannelFutureListener.operationComplete(NettyStream.java:488)
	at io.netty.util.concurrent.DefaultPromise.notifyListener0(DefaultPromise.java:578)
	at io.netty.util.concurrent.DefaultPromise.notifyListeners0(DefaultPromise.java:571)
	at io.netty.util.concurrent.DefaultPromise.notifyListenersNow(DefaultPromise.java:550)
	at io.netty.util.concurrent.DefaultPromise.notifyListeners(DefaultPromise.java:491)
	at io.netty.util.concurrent.DefaultPromise.setValue0(DefaultPromise.java:616)
	at io.netty.util.concurrent.DefaultPromise.setFailure0(DefaultPromise.java:609)
	at io.netty.util.concurrent.DefaultPromise.tryFailure(DefaultPromise.java:117)
	at io.netty.channel.nio.AbstractNioChannel$AbstractNioUnsafe.fulfillConnectPromise(AbstractNioChannel.java:321)
	at io.netty.channel.nio.AbstractNioChannel$AbstractNioUnsafe.finishConnect(AbstractNioChannel.java:337)
	at io.netty.channel.nio.NioEventLoop.processSelectedKey(NioEventLoop.java:776)
	at io.netty.channel.nio.NioEventLoop.processSelectedKeysOptimized(NioEventLoop.java:724)
	at io.netty.channel.nio.NioEventLoop.processSelectedKeys(NioEventLoop.java:650)
	at io.netty.channel.nio.NioEventLoop.run(NioEventLoop.java:562)
	at io.netty.util.concurrent.SingleThreadEventExecutor$4.run(SingleThreadEventExecutor.java:997)
	at io.netty.util.internal.ThreadExecutorMap$2.run(ThreadExecutorMap.java:74)
	at io.netty.util.concurrent.FastThreadLocalRunnable.run(FastThreadLocalRunnable.java:30)
	at java.base/java.lang.Thread.run(Thread.java:833)
Caused by: io.netty.channel.AbstractChannel$AnnotatedConnectException: Conex達o recusada: localhost/[0:0:0:0:0:0:0:1]:27017
Caused by: java.net.ConnectException: Conex達o recusada
	at java.base/sun.nio.ch.Net.pollConnect(Native Method)
	at java.base/sun.nio.ch.Net.pollConnectNow(Net.java:672)
	at java.base/sun.nio.ch.SocketChannelImpl.finishConnect(SocketChannelImpl.java:946)
	at io.netty.channel.socket.nio.NioSocketChannel.doFinishConnect(NioSocketChannel.java:337)
	at io.netty.channel.nio.AbstractNioChannel$AbstractNioUnsafe.finishConnect(AbstractNioChannel.java:334)
	at io.netty.channel.nio.NioEventLoop.processSelectedKey(NioEventLoop.java:776)
	at io.netty.channel.nio.NioEventLoop.processSelectedKeysOptimized(NioEventLoop.java:724)
	at io.netty.channel.nio.NioEventLoop.processSelectedKeys(NioEventLoop.java:650)
	at io.netty.channel.nio.NioEventLoop.run(NioEventLoop.java:562)
	at io.netty.util.concurrent.SingleThreadEventExecutor$4.run(SingleThreadEventExecutor.java:997)
	at io.netty.util.internal.ThreadExecutorMap$2.run(ThreadExecutorMap.java:74)
	at io.netty.util.concurrent.FastThreadLocalRunnable.run(FastThreadLocalRunnable.java:30)
	at java.base/java.lang.Thread.run(Thread.java:833)
2022-10-07 23:30:49,431 INFO org.springframework.boot.actuate.endpoint.web.EndpointLinksResolver [Test worker] Exposing 1 endpoint(s) beneath base path '/actuator'
2022-10-07 23:30:49,480 INFO org.springframework.boot.autoconfigure.security.reactive.ReactiveUserDetailsServiceAutoConfiguration [Test worker] 

Using generated security password: efe94117-509f-436e-8eb9-9ff1e7a7d5b3

2022-10-07 23:30:49,712 INFO org.springframework.boot.StartupInfoLogger [Test worker] Started BackendApplicationTests in 1.311 seconds (JVM running for 1.879)
2022-10-07 23:31:32,364 INFO org.springframework.test.context.support.AbstractTestContextBootstrapper [Test worker] Neither @ContextConfiguration nor @ContextHierarchy found for test class [dev.gustavoteixeira.easygest.BackendApplicationTests], using SpringBootContextLoader
2022-10-07 23:31:32,367 INFO org.springframework.test.context.support.AbstractContextLoader [Test worker] Could not detect default resource locations for test class [dev.gustavoteixeira.easygest.BackendApplicationTests]: no resource found for suffixes {-context.xml, Context.groovy}.
2022-10-07 23:31:32,367 INFO org.springframework.test.context.support.AnnotationConfigContextLoaderUtils [Test worker] Could not detect default configuration classes for test class [dev.gustavoteixeira.easygest.BackendApplicationTests]: BackendApplicationTests does not declare any static, non-private, non-final, nested classes annotated with @Configuration.
2022-10-07 23:31:32,411 INFO org.springframework.boot.test.context.SpringBootTestContextBootstrapper [Test worker] Found @SpringBootConfiguration dev.gustavoteixeira.easygest.BackendApplication for test class dev.gustavoteixeira.easygest.BackendApplicationTests
2022-10-07 23:31:32,460 INFO org.springframework.test.context.support.AbstractTestContextBootstrapper [Test worker] Loaded default TestExecutionListener class names from location [META-INF/spring.factories]: [org.springframework.security.test.context.support.WithSecurityContextTestExecutionListener, org.springframework.security.test.context.support.ReactorContextTestExecutionListener, org.springframework.boot.test.autoconfigure.restdocs.RestDocsTestExecutionListener, org.springframework.boot.test.autoconfigure.web.client.MockRestServiceServerResetTestExecutionListener, org.springframework.boot.test.autoconfigure.web.servlet.MockMvcPrintOnlyOnFailureTestExecutionListener, org.springframework.boot.test.autoconfigure.web.servlet.WebDriverTestExecutionListener, org.springframework.boot.test.autoconfigure.webservices.client.MockWebServiceServerTestExecutionListener, org.springframework.boot.test.mock.mockito.MockitoTestExecutionListener, org.springframework.boot.test.mock.mockito.ResetMocksTestExecutionListener, org.springframework.test.context.web.ServletTestExecutionListener, org.springframework.test.context.support.DirtiesContextBeforeModesTestExecutionListener, org.springframework.test.context.event.ApplicationEventsTestExecutionListener, org.springframework.test.context.support.DependencyInjectionTestExecutionListener, org.springframework.test.context.support.DirtiesContextTestExecutionListener, org.springframework.test.context.transaction.TransactionalTestExecutionListener, org.springframework.test.context.jdbc.SqlScriptsTestExecutionListener, org.springframework.test.context.event.EventPublishingTestExecutionListener]
2022-10-07 23:31:32,468 INFO org.springframework.test.context.support.AbstractTestContextBootstrapper [Test worker] Using TestExecutionListeners: [org.springframework.test.context.web.ServletTestExecutionListener@5c089b2f, org.springframework.test.context.support.DirtiesContextBeforeModesTestExecutionListener@6999cd39, org.springframework.test.context.event.ApplicationEventsTestExecutionListener@14bae047, org.springframework.boot.test.mock.mockito.MockitoTestExecutionListener@7ed9ae94, org.springframework.boot.test.autoconfigure.SpringBootDependencyInjectionTestExecutionListener@66908383, org.springframework.test.context.support.DirtiesContextTestExecutionListener@41477a6d, org.springframework.test.context.transaction.TransactionalTestExecutionListener@2bc12da, org.springframework.test.context.jdbc.SqlScriptsTestExecutionListener@3122b117, org.springframework.security.test.context.support.WithSecurityContextTestExecutionListener@534ca02b, org.springframework.test.context.event.EventPublishingTestExecutionListener@29a23c3d, org.springframework.security.test.context.support.ReactorContextTestExecutionListener@4b6ac111, org.springframework.boot.test.autoconfigure.restdocs.RestDocsTestExecutionListener@6fe46b62, org.springframework.boot.test.autoconfigure.web.client.MockRestServiceServerResetTestExecutionListener@591fd34d, org.springframework.boot.test.autoconfigure.web.servlet.MockMvcPrintOnlyOnFailureTestExecutionListener@61e45f87, org.springframework.boot.test.autoconfigure.web.servlet.WebDriverTestExecutionListener@7c9b78e3, org.springframework.boot.test.autoconfigure.webservices.client.MockWebServiceServerTestExecutionListener@3068b369, org.springframework.boot.test.mock.mockito.ResetMocksTestExecutionListener@17ca8b92]
2022-10-07 23:31:32,620 INFO org.springframework.boot.StartupInfoLogger [Test worker] Starting BackendApplicationTests using Java 17.0.4.1 on hyperspace with PID 6820 (started by teixeira in /home/teixeira/r/EasyGest/backend)
2022-10-07 23:31:32,620 DEBUG org.springframework.boot.StartupInfoLogger [Test worker] Running with Spring Boot v2.7.4, Spring v5.3.23
2022-10-07 23:31:32,621 INFO org.springframework.boot.SpringApplication [Test worker] No active profile set, falling back to 1 default profile: "default"
2022-10-07 23:31:32,961 INFO org.springframework.data.repository.config.RepositoryConfigurationDelegate [Test worker] Bootstrapping Spring Data Reactive MongoDB repositories in DEFAULT mode.
2022-10-07 23:31:32,968 INFO org.springframework.data.repository.config.RepositoryConfigurationDelegate [Test worker] Finished Spring Data repository scanning in 4 ms. Found 0 Reactive MongoDB repository interfaces.
2022-10-07 23:31:33,369 INFO com.mongodb.diagnostics.logging.SLF4JLogger [Test worker] MongoClient with metadata {"driver": {"name": "mongo-java-driver|reactive-streams|spring-boot", "version": "4.6.1"}, "os": {"type": "Linux", "name": "Linux", "architecture": "amd64", "version": "5.19.12-arch1-1"}, "platform": "Java/N/A/17.0.4.1+1"} created with settings MongoClientSettings{readPreference=primary, writeConcern=WriteConcern{w=null, wTimeout=null ms, journal=null}, retryWrites=true, retryReads=true, readConcern=ReadConcern{level=null}, credential=null, streamFactoryFactory=NettyStreamFactoryFactory{eventLoopGroup=io.netty.channel.nio.NioEventLoopGroup@4af12a63, socketChannelClass=class io.netty.channel.socket.nio.NioSocketChannel, allocator=PooledByteBufAllocator(directByDefault: true), sslContext=null}, commandListeners=[io.micrometer.core.instrument.binder.mongodb.MongoMetricsCommandListener@1eab8437], codecRegistry=ProvidersCodecRegistry{codecProviders=[ValueCodecProvider{}, BsonValueCodecProvider{}, DBRefCodecProvider{}, DBObjectCodecProvider{}, DocumentCodecProvider{}, IterableCodecProvider{}, MapCodecProvider{}, GeoJsonCodecProvider{}, GridFSFileCodecProvider{}, Jsr310CodecProvider{}, JsonObjectCodecProvider{}, BsonCodecProvider{}, EnumCodecProvider{}, com.mongodb.Jep395RecordCodecProvider@72eed547]}, clusterSettings={hosts=[localhost:27017], srvServiceName=mongodb, mode=SINGLE, requiredClusterType=UNKNOWN, requiredReplicaSetName='null', serverSelector='null', clusterListeners='[]', serverSelectionTimeout='30000 ms', localThreshold='30000 ms'}, socketSettings=SocketSettings{connectTimeoutMS=10000, readTimeoutMS=0, receiveBufferSize=0, sendBufferSize=0}, heartbeatSocketSettings=SocketSettings{connectTimeoutMS=10000, readTimeoutMS=10000, receiveBufferSize=0, sendBufferSize=0}, connectionPoolSettings=ConnectionPoolSettings{maxSize=100, minSize=0, maxWaitTimeMS=120000, maxConnectionLifeTimeMS=0, maxConnectionIdleTimeMS=0, maintenanceInitialDelayMS=0, maintenanceFrequencyMS=60000, connectionPoolListeners=[io.micrometer.core.instrument.binder.mongodb.MongoMetricsConnectionPoolListener@69ffdaa8], maxConnecting=2}, serverSettings=ServerSettings{heartbeatFrequencyMS=10000, minHeartbeatFrequencyMS=500, serverListeners='[]', serverMonitorListeners='[]'}, sslSettings=SslSettings{enabled=false, invalidHostNameAllowed=false, context=null}, applicationName='null', compressorList=[], uuidRepresentation=JAVA_LEGACY, serverApi=null, autoEncryptionSettings=null, contextProvider=null}
2022-10-07 23:31:33,391 INFO com.mongodb.diagnostics.logging.SLF4JLogger [cluster-ClusterId{value='6340e1058bc0b850ad3086de', description='null'}-localhost:27017] Exception in monitor thread while connecting to server localhost:27017
com.mongodb.MongoSocketOpenException: Exception opening socket
	at com.mongodb.connection.netty.NettyStream$OpenChannelFutureListener.operationComplete(NettyStream.java:520)
	at com.mongodb.connection.netty.NettyStream$OpenChannelFutureListener.operationComplete(NettyStream.java:488)
	at io.netty.util.concurrent.DefaultPromise.notifyListener0(DefaultPromise.java:578)
	at io.netty.util.concurrent.DefaultPromise.notifyListeners0(DefaultPromise.java:571)
	at io.netty.util.concurrent.DefaultPromise.notifyListenersNow(DefaultPromise.java:550)
	at io.netty.util.concurrent.DefaultPromise.notifyListeners(DefaultPromise.java:491)
	at io.netty.util.concurrent.DefaultPromise.setValue0(DefaultPromise.java:616)
	at io.netty.util.concurrent.DefaultPromise.setFailure0(DefaultPromise.java:609)
	at io.netty.util.concurrent.DefaultPromise.tryFailure(DefaultPromise.java:117)
	at io.netty.channel.nio.AbstractNioChannel$AbstractNioUnsafe.fulfillConnectPromise(AbstractNioChannel.java:321)
	at io.netty.channel.nio.AbstractNioChannel$AbstractNioUnsafe.finishConnect(AbstractNioChannel.java:337)
	at io.netty.channel.nio.NioEventLoop.processSelectedKey(NioEventLoop.java:776)
	at io.netty.channel.nio.NioEventLoop.processSelectedKeysOptimized(NioEventLoop.java:724)
	at io.netty.channel.nio.NioEventLoop.processSelectedKeys(NioEventLoop.java:650)
	at io.netty.channel.nio.NioEventLoop.run(NioEventLoop.java:562)
	at io.netty.util.concurrent.SingleThreadEventExecutor$4.run(SingleThreadEventExecutor.java:997)
	at io.netty.util.internal.ThreadExecutorMap$2.run(ThreadExecutorMap.java:74)
	at io.netty.util.concurrent.FastThreadLocalRunnable.run(FastThreadLocalRunnable.java:30)
	at java.base/java.lang.Thread.run(Thread.java:833)
Caused by: io.netty.channel.AbstractChannel$AnnotatedConnectException: Conex達o recusada: localhost/[0:0:0:0:0:0:0:1]:27017
Caused by: java.net.ConnectException: Conex達o recusada
	at java.base/sun.nio.ch.Net.pollConnect(Native Method)
	at java.base/sun.nio.ch.Net.pollConnectNow(Net.java:672)
	at java.base/sun.nio.ch.SocketChannelImpl.finishConnect(SocketChannelImpl.java:946)
	at io.netty.channel.socket.nio.NioSocketChannel.doFinishConnect(NioSocketChannel.java:337)
	at io.netty.channel.nio.AbstractNioChannel$AbstractNioUnsafe.finishConnect(AbstractNioChannel.java:334)
	at io.netty.channel.nio.NioEventLoop.processSelectedKey(NioEventLoop.java:776)
	at io.netty.channel.nio.NioEventLoop.processSelectedKeysOptimized(NioEventLoop.java:724)
	at io.netty.channel.nio.NioEventLoop.processSelectedKeys(NioEventLoop.java:650)
	at io.netty.channel.nio.NioEventLoop.run(NioEventLoop.java:562)
	at io.netty.util.concurrent.SingleThreadEventExecutor$4.run(SingleThreadEventExecutor.java:997)
	at io.netty.util.internal.ThreadExecutorMap$2.run(ThreadExecutorMap.java:74)
	at io.netty.util.concurrent.FastThreadLocalRunnable.run(FastThreadLocalRunnable.java:30)
	at java.base/java.lang.Thread.run(Thread.java:833)
2022-10-07 23:31:33,517 INFO org.springframework.boot.actuate.endpoint.web.EndpointLinksResolver [Test worker] Exposing 1 endpoint(s) beneath base path '/actuator'
2022-10-07 23:31:33,570 INFO org.springframework.boot.autoconfigure.security.reactive.ReactiveUserDetailsServiceAutoConfiguration [Test worker] 

Using generated security password: ae79be6f-cd41-4321-927a-531c523a9f3a

2022-10-07 23:31:33,783 INFO org.springframework.boot.StartupInfoLogger [Test worker] Started BackendApplicationTests in 1.298 seconds (JVM running for 1.883)
